<?xml version="1.0" encoding="UTF-8"?>
<!-- Generated by org.testng.reporters.JUnitReportReporter -->
<testsuite hostname="Lenovo" name="pro.project" tests="1" failures="0" timestamp="3 Nov 2017 06:05:33 GMT" time="0.033" errors="0">
  <testcase name="print" time="0.033" classname="pro.project"/>
</testsuite> <!-- pro.project -->
